[2021-09-24 12:33:20][8] Processing: App\Jobs\XpLpOfTournament
[2021-09-24 12:33:20][8] Processed:  App\Jobs\XpLpOfTournament
[2021-09-24 15:32:56][9] Processing: App\Jobs\XpLpOfTournament
[2021-09-24 15:32:56][9] Processed:  App\Jobs\XpLpOfTournament
[2021-09-24 15:35:11][10] Processing: App\Jobs\XpLpOfTournament
[2021-09-24 15:35:11][10] Processed:  App\Jobs\XpLpOfTournament



                                                               
                                                               
  No arguments expected for "schedule:run" command, got ">>".  
                                                               

  No arguments expected for "schedule:run" command, got ">>".  
                                                               

                                                               
  No arguments expected for "schedule:run" command, got ">>".  
                                                               



                                                               
  No arguments expected for "schedule:run" command, got ">>".  
                                                               

                                                               
  No arguments expected for "schedule:run" command, got ">>".  
                                                               


                                                               
  No arguments expected for "schedule:run" command, got ">>".  
                                                               



                                                               
  No arguments expected for "schedule:run" command, got ">>".  
                                                               

                                                               
  No arguments expected for "schedule:run" command, got ">>".  
                                                               



                                                               
  No arguments expected for "schedule:run" command, got ">>".  
                                                               

                                                               
  No arguments expected for "schedule:run" command, got ">>".  
                                                               



                                                               
  No arguments expected for "schedule:run" command, got ">>".  
                                                               

                                                               
  No arguments expected for "schedule:run" command, got ">>".  
                                                               


                                                               
  No arguments expected for "schedule:run" command, got ">>".  
                                                               


                                                               
  No arguments expected for "schedule:run" command, got ">>".  
                                                               



                                                               

  No arguments expected for "schedule:run" command, got ">>".  
                                                               

                                                               
  No arguments expected for "schedule:run" command, got ">>".  
                                                               

                                                               
  No arguments expected for "schedule:run" command, got ">>".  
                                                               


                                                               
  No arguments expected for "schedule:run" command, got ">>".  
                                                               





                                                               
  No arguments expected for "schedule:run" command, got ">>".  
                                                               

                                                               
  No arguments expected for "schedule:run" command, got ">>".  
                                                               

                                                               
  No arguments expected for "schedule:run" command, got ">>".  
                                                               


                                                               
  No arguments expected for "schedule:run" command, got ">>".  
                                                               

                                                               
  No arguments expected for "schedule:run" command, got ">>".  
                                                               


                                                               
  No arguments expected for "schedule:run" command, got ">>".  
                                                               


                                                               
  No arguments expected for "schedule:run" command, got ">>".  
                                                               


                                                               
  No arguments expected for "schedule:run" command, got ">>".  
                                                               


                                                               
  No arguments expected for "schedule:run" command, got ">>".  
                                                               


                                                               
  No arguments expected for "schedule:run" command, got ">>".  
                                                               




                                                               
                                                               
  No arguments expected for "schedule:run" command, got ">>".  
                                                               

  No arguments expected for "schedule:run" command, got ">>".  
                                                               


                                                               
  No arguments expected for "schedule:run" command, got ">>".  
                                                               
  No arguments expected for "schedule:run" command, got ">>".  
                                                               

                                                               



                                                               
                                                               
  No arguments expected for "schedule:run" command, got ">>".  
                                                               

  No arguments expected for "schedule:run" command, got ">>".  
                                                               

Running scheduled command: '/usr/bin/php7.4' 'artisan' inspire > '/var/www/html/Heritage/storage/logs/schedule-f9304feff0af7abb9f351496fa83b2d63af4b86a.log' 2>&1
Running scheduled command: '/usr/bin/php7.4' 'artisan' inspire > '/var/www/html/Heritage/storage/logs/schedule-f9304feff0af7abb9f351496fa83b2d63af4b86a.log' 2>&1
Running scheduled command: '/usr/bin/php7.4' 'artisan' inspire > '/var/www/html/Heritage/storage/logs/schedule-f9304feff0af7abb9f351496fa83b2d63af4b86a.log' 2>&1
Running scheduled command: '/usr/bin/php7.4' 'artisan' inspire > '/var/www/html/Heritage/storage/logs/schedule-f9304feff0af7abb9f351496fa83b2d63af4b86a.log' 2>&1
Running scheduled command: '/usr/bin/php7.4' 'artisan' inspire > '/var/www/html/Heritage/storage/logs/schedule-f9304feff0af7abb9f351496fa83b2d63af4b86a.log' 2>&1
Running scheduled command: '/usr/bin/php7.4' 'artisan' inspire > '/var/www/html/Heritage/storage/logs/schedule-f9304feff0af7abb9f351496fa83b2d63af4b86a.log' 2>&1
Running scheduled command: '/usr/bin/php7.4' 'artisan' inspire > '/var/www/html/Heritage/storage/logs/schedule-f9304feff0af7abb9f351496fa83b2d63af4b86a.log' 2>&1
No scheduled commands are ready to run.
No scheduled commands are ready to run.
No scheduled commands are ready to run.
No scheduled commands are ready to run.
No scheduled commands are ready to run.
No scheduled commands are ready to run.
No scheduled commands are ready to run.
No scheduled commands are ready to run.
No scheduled commands are ready to run.
No scheduled commands are ready to run.
No scheduled commands are ready to run.
No scheduled commands are ready to run.
No scheduled commands are ready to run.
No scheduled commands are ready to run.
No scheduled commands are ready to run.
No scheduled commands are ready to run.
No scheduled commands are ready to run.
No scheduled commands are ready to run.
No scheduled commands are ready to run.
No scheduled commands are ready to run.
No scheduled commands are ready to run.
No scheduled commands are ready to run.
No scheduled commands are ready to run.
No scheduled commands are ready to run.
No scheduled commands are ready to run.
No scheduled commands are ready to run.
No scheduled commands are ready to run.
No scheduled commands are ready to run.
Running scheduled command: '/usr/bin/php7.4' 'artisan' inspire > '/var/www/html/Heritage/storage/logs/schedule-f9304feff0af7abb9f351496fa83b2d63af4b86a.log' 2>&1
Running scheduled command: '/usr/bin/php7.4' 'artisan' inspire > '/var/www/html/Heritage/storage/logs/schedule-f9304feff0af7abb9f351496fa83b2d63af4b86a.log' 2>&1
Running scheduled command: '/usr/bin/php7.4' 'artisan' inspire > '/var/www/html/Heritage/storage/logs/schedule-f9304feff0af7abb9f351496fa83b2d63af4b86a.log' 2>&1
Running scheduled command: '/usr/bin/php7.4' 'artisan' inspire > '/var/www/html/Heritage/storage/logs/schedule-f9304feff0af7abb9f351496fa83b2d63af4b86a.log' 2>&1
Running scheduled command: '/usr/bin/php7.4' 'artisan' inspire > '/var/www/html/Heritage/storage/logs/schedule-f9304feff0af7abb9f351496fa83b2d63af4b86a.log' 2>&1
Running scheduled command: '/usr/bin/php7.4' 'artisan' inspire > '/var/www/html/Heritage/storage/logs/schedule-f9304feff0af7abb9f351496fa83b2d63af4b86a.log' 2>&1
No scheduled commands are ready to run.
No scheduled commands are ready to run.
No scheduled commands are ready to run.
No scheduled commands are ready to run.
No scheduled commands are ready to run.
No scheduled commands are ready to run.
No scheduled commands are ready to run.
